# JRE version: Java(TM) SE Runtime Environment (21.0.2+13) (build 21.0.2+13-LTS-58)
# Java VM: Java HotSpot(TM) 64-Bit Server VM (21.0.2+13-LTS-58, mixed mode, sharing, tiered, compressed oops, compressed class ptrs, g1 gc, windows-amd64)
GC Precious Log:
 CardTable entry size: 512
 Card Set container configuration: InlinePtr #cards 4 size 8 Array Of Cards #cards 16 size 48 Howl #buckets 8 coarsen threshold 3686 Howl Bitmap #cards 512 size 80 coarsen threshold 460 Card regions per heap region 1 cards per card region 4096
 CPUs: 8 total, 8 available
 Memory: 16236M
 Large Page Support: Disabled
 NUMA Support: Disabled
 Compressed Oops: Enabled (Zero based)
 Heap Region Size: 2M
 Heap Min Capacity: 8M
 Heap Initial Capacity: 254M
 Heap Max Capacity: 4060M
 Pre-touch: Disabled
 Parallel Workers: 8
 Concurrent Workers: 2
 Concurrent Refinement Workers: 8
 Periodic GC: Disabled
Heap:
 garbage-first heap   total 260096K, used 67985K [0x0000000702400000, 0x0000000800000000)
  region size 2048K, 25 young (51200K), 1 survivors (2048K)
 Metaspace       used 15306K, committed 15552K, reserved 1114112K
  class space    used 1516K, committed 1664K, reserved 1048576K
GC Heap History (20 events):
Event: 66.262 GC heap before
{Heap before GC invocations=40 (full 0):
 garbage-first heap   total 260096K, used 174319K [0x0000000702400000, 0x0000000800000000)
  region size 2048K, 76 young (155648K), 1 survivors (2048K)
 Metaspace       used 15255K, committed 15552K, reserved 1114112K
  class space    used 1515K, committed 1664K, reserved 1048576K
}
Event: 66.264 GC heap after
{Heap after GC invocations=41 (full 0):
 garbage-first heap   total 260096K, used 20785K [0x0000000702400000, 0x0000000800000000)
  region size 2048K, 1 young (2048K), 1 survivors (2048K)
 Metaspace       used 15255K, committed 15552K, reserved 1114112K
  class space    used 1515K, committed 1664K, reserved 1048576K
}
Event: 67.659 GC heap before
{Heap before GC invocations=41 (full 0):
 garbage-first heap   total 260096K, used 174385K [0x0000000702400000, 0x0000000800000000)
  region size 2048K, 76 young (155648K), 1 survivors (2048K)
 Metaspace       used 15258K, committed 15552K, reserved 1114112K
  class space    used 1515K, committed 1664K, reserved 1048576K
}
Event: 67.661 GC heap after
{Heap after GC invocations=42 (full 0):
 garbage-first heap   total 260096K, used 20795K [0x0000000702400000, 0x0000000800000000)
  region size 2048K, 1 young (2048K), 1 survivors (2048K)
 Metaspace       used 15258K, committed 15552K, reserved 1114112K
  class space    used 1515K, committed 1664K, reserved 1048576K
}
Event: 68.988 GC heap before
{Heap before GC invocations=42 (full 0):
 garbage-first heap   total 260096K, used 174395K [0x0000000702400000, 0x0000000800000000)
  region size 2048K, 76 young (155648K), 1 survivors (2048K)
 Metaspace       used 15269K, committed 15552K, reserved 1114112K
  class space    used 1516K, committed 1664K, reserved 1048576K
}
Event: 68.989 GC heap after
{Heap after GC invocations=43 (full 0):
 garbage-first heap   total 260096K, used 20481K [0x0000000702400000, 0x0000000800000000)
  region size 2048K, 1 young (2048K), 1 survivors (2048K)
 Metaspace       used 15269K, committed 15552K, reserved 1114112K
  class space    used 1516K, committed 1664K, reserved 1048576K
}
Event: 70.361 GC heap before
{Heap before GC invocations=43 (full 0):
 garbage-first heap   total 260096K, used 174081K [0x0000000702400000, 0x0000000800000000)
  region size 2048K, 76 young (155648K), 1 survivors (2048K)
 Metaspace       used 15269K, committed 15552K, reserved 1114112K
  class space    used 1516K, committed 1664K, reserved 1048576K
}
Event: 70.362 GC heap after
{Heap after GC invocations=44 (full 0):
 garbage-first heap   total 260096K, used 20800K [0x0000000702400000, 0x0000000800000000)
  region size 2048K, 1 young (2048K), 1 survivors (2048K)
 Metaspace       used 15269K, committed 15552K, reserved 1114112K
  class space    used 1516K, committed 1664K, reserved 1048576K
}
Event: 71.697 GC heap before
{Heap before GC invocations=44 (full 0):
 garbage-first heap   total 260096K, used 174400K [0x0000000702400000, 0x0000000800000000)
  region size 2048K, 76 young (155648K), 1 survivors (2048K)
 Metaspace       used 15274K, committed 15552K, reserved 1114112K
  class space    used 1516K, committed 1664K, reserved 1048576K
}
Event: 71.699 GC heap after
{Heap after GC invocations=45 (full 0):
 garbage-first heap   total 260096K, used 20752K [0x0000000702400000, 0x0000000800000000)
  region size 2048K, 1 young (2048K), 1 survivors (2048K)
 Metaspace       used 15274K, committed 15552K, reserved 1114112K
  class space    used 1516K, committed 1664K, reserved 1048576K
}
Event: 73.195 GC heap before
{Heap before GC invocations=45 (full 0):
 garbage-first heap   total 260096K, used 174352K [0x0000000702400000, 0x0000000800000000)
  region size 2048K, 76 young (155648K), 1 survivors (2048K)
 Metaspace       used 15289K, committed 15552K, reserved 1114112K
  class space    used 1516K, committed 1664K, reserved 1048576K
}
Event: 73.197 GC heap after
{Heap after GC invocations=46 (full 0):
 garbage-first heap   total 260096K, used 20802K [0x0000000702400000, 0x0000000800000000)
  region size 2048K, 1 young (2048K), 1 survivors (2048K)
 Metaspace       used 15289K, committed 15552K, reserved 1114112K
  class space    used 1516K, committed 1664K, reserved 1048576K
}
Event: 74.503 GC heap before
{Heap before GC invocations=46 (full 0):
 garbage-first heap   total 260096K, used 174402K [0x0000000702400000, 0x0000000800000000)
  region size 2048K, 76 young (155648K), 1 survivors (2048K)
 Metaspace       used 15290K, committed 15552K, reserved 1114112K
  class space    used 1516K, committed 1664K, reserved 1048576K
}
Event: 74.504 GC heap after
{Heap after GC invocations=47 (full 0):
 garbage-first heap   total 260096K, used 20833K [0x0000000702400000, 0x0000000800000000)
  region size 2048K, 1 young (2048K), 1 survivors (2048K)
 Metaspace       used 15290K, committed 15552K, reserved 1114112K
  class space    used 1516K, committed 1664K, reserved 1048576K
}
Event: 76.076 GC heap before
{Heap before GC invocations=47 (full 0):
 garbage-first heap   total 260096K, used 174433K [0x0000000702400000, 0x0000000800000000)
  region size 2048K, 76 young (155648K), 1 survivors (2048K)
 Metaspace       used 15290K, committed 15552K, reserved 1114112K
  class space    used 1516K, committed 1664K, reserved 1048576K
}
Event: 76.078 GC heap after
{Heap after GC invocations=48 (full 0):
 garbage-first heap   total 260096K, used 20646K [0x0000000702400000, 0x0000000800000000)
  region size 2048K, 1 young (2048K), 1 survivors (2048K)
 Metaspace       used 15290K, committed 15552K, reserved 1114112K
  class space    used 1516K, committed 1664K, reserved 1048576K
}
Event: 77.501 GC heap before
{Heap before GC invocations=48 (full 0):
 garbage-first heap   total 260096K, used 174246K [0x0000000702400000, 0x0000000800000000)
  region size 2048K, 76 young (155648K), 1 survivors (2048K)
 Metaspace       used 15292K, committed 15552K, reserved 1114112K
  class space    used 1516K, committed 1664K, reserved 1048576K
}
Event: 77.502 GC heap after
{Heap after GC invocations=49 (full 0):
 garbage-first heap   total 260096K, used 20789K [0x0000000702400000, 0x0000000800000000)
  region size 2048K, 1 young (2048K), 1 survivors (2048K)
 Metaspace       used 15292K, committed 15552K, reserved 1114112K
  class space    used 1516K, committed 1664K, reserved 1048576K
}
Event: 78.990 GC heap before
{Heap before GC invocations=49 (full 0):
 garbage-first heap   total 260096K, used 174389K [0x0000000702400000, 0x0000000800000000)
  region size 2048K, 76 young (155648K), 1 survivors (2048K)
 Metaspace       used 15300K, committed 15552K, reserved 1114112K
  class space    used 1516K, committed 1664K, reserved 1048576K
}
Event: 78.991 GC heap after
{Heap after GC invocations=50 (full 0):
 garbage-first heap   total 260096K, used 20881K [0x0000000702400000, 0x0000000800000000)
  region size 2048K, 1 young (2048K), 1 survivors (2048K)
 Metaspace       used 15300K, committed 15552K, reserved 1114112K
  class space    used 1516K, committed 1664K, reserved 1048576K
}

